<?xml version="1.0" encoding="UTF-8"?>
<testsuite name="Comprar  libros en la pagina practice.automationtesting.com" tests="1" skipped="0" failures="0" errors="0" timestamp="2022-08-01T20:55:53" hostname="SQAKMOSQUERA" time="29.704">
  <properties/>
  <testcase name="comprar 2 libros de forma exitosa" classname="Comprar  libros en la pagina practice.automationtesting.com" time="29.704"/>
  <system-out><![CDATA[]]></system-out>
  <system-err><![CDATA[Starting ChromeDriver 103.0.5060.134 (8ec6fce403b3feb0869b0732eda8bd95011d333c-refs/branch-heads/5060@{#1262}) on port 46102
Only local connections are allowed.
Please see https://chromedriver.chromium.org/security-considerations for suggestions on keeping ChromeDriver safe.
ChromeDriver was started successfully.
ago 01, 2022 3:55:55 PM org.openqa.selenium.remote.ProtocolHandshake createSession
INFORMACIÓN: Detected dialect: W3C
[Test worker] INFO net.thucydides.core.steps.ConsoleLoggingListener - 
        __    _____ _____ ____ _____   ____   _    ____  ____  _____ ____  
  _     \ \  |_   _| ____/ ___|_   _| |  _ \ / \  / ___|/ ___|| ____|  _ \ 
 (_)_____| |   | | |  _| \___ \ | |   | |_) / _ \ \___ \\___ \|  _| | | | |
  _|_____| |   | | | |___ ___) || |   |  __/ ___ \ ___) |___) | |___| |_| |
 (_)     | |   |_| |_____|____/ |_|   |_| /_/   \_\____/|____/|_____|____/ 
        /_/                                                                

TEST PASSED: comprar 2 libros de forma exitosa
----------------------------------------------------------------------------
]]></system-err>
</testsuite>
